
*** Running vivado
    with args -log camera_vga_display_top.vds -m64 -product Vivado -mode batch -messageDb vivado.pb -notrace -source camera_vga_display_top.tcl


ECHO is off.
ECHO is off.

****** Vivado v2023.2.1 (64-bit)
  **** SW Build 4081461 on Thu Dec 14 12:24:51 MST 2023
  **** IP Build 4080415 on Thu Dec 14 21:01:57 MST 2023
  **** SharedData Build 4077621 on Mon Dec 11 00:23:44 MST 2023
    ** Copyright 1986-2022 Xilinx, Inc. All Rights Reserved.
    ** Copyright 2022-2023 Advanced Micro Devices, Inc. All Rights Reserved.

source camera_vga_display_top.tcl -notrace
create_project: Time (s): cpu = 00:00:04 ; elapsed = 00:00:07 . Memory (MB): peak = 512.180 ; gain = 218.801
Command: read_checkpoint -auto_incremental -incremental D:/c_Dpractice/basys3_ov7670/basys3_ov7670/project_3/project_3.srcs/utils_1/imports/synth_1/camera_vga_display_top.dcp
INFO: [Vivado 12-5825] Read reference checkpoint from D:/c_Dpractice/basys3_ov7670/basys3_ov7670/project_3/project_3.srcs/utils_1/imports/synth_1/camera_vga_display_top.dcp for incremental synthesis
INFO: [Vivado 12-7989] Please ensure there are no constraint changes
Command: synth_design -top camera_vga_display_top -part xc7a35tcpg236-1
Starting synth_design
Attempting to get a license for feature 'Synthesis' and/or device 'xc7a35t'
INFO: [Common 17-349] Got license for feature 'Synthesis' and/or device 'xc7a35t'
INFO: [Device 21-403] Loading part xc7a35tcpg236-1
