#-----------------------------------------------------------
# Vivado v2023.2.1 (64-bit)
# SW Build 4081461 on Thu Dec 14 12:24:51 MST 2023
# IP Build 4080415 on Thu Dec 14 21:01:57 MST 2023
# SharedData Build 4077621 on Mon Dec 11 00:23:44 MST 2023
# Start of session at: Sun Mar  3 19:43:07 2024
# Process ID: 25620
# Current directory: D:/verilog_practice/project_line_buffer_2
# Command line: vivado.exe -gui_launcher_event rodinguilauncherevent35532 D:\verilog_practice\project_line_buffer_2\project_line_buffer_2.xpr
# Log file: D:/verilog_practice/project_line_buffer_2/vivado.log
# Journal file: D:/verilog_practice/project_line_buffer_2\vivado.jou
# Running On: LAPTOP-D2TRK901, OS: Windows, CPU Frequency: 3194 MHz, CPU Physical cores: 16, Host memory: 33719 MB
#-----------------------------------------------------------
start_gui
open_project D:/verilog_practice/project_line_buffer_2/project_line_buffer_2.xpr
WARNING: [Board 49-26] cannot add Board Part digilentinc.com:arty-z7-10:part0:1.1 available at D:/Xilinx/Vivado/2023.2/data/boards/board_files/arty-z7-10/A.0/board.xml as part xc7z010clg400-1 specified in board_part file is either invalid or not available
WARNING: [Board 49-26] cannot add Board Part digilentinc.com:arty-z7-20:part0:1.1 available at D:/Xilinx/Vivado/2023.2/data/boards/board_files/arty-z7-20/A.0/board.xml as part xc7z020clg400-1 specified in board_part file is either invalid or not available
WARNING: [Board 49-26] cannot add Board Part digilentinc.com:cora-z7-07s:part0:1.1 available at D:/Xilinx/Vivado/2023.2/data/boards/board_files/cora-z7-07s/B.0/board.xml as part xc7z007sclg400-1 specified in board_part file is either invalid or not available
WARNING: [Board 49-26] cannot add Board Part digilentinc.com:cora-z7-10:part0:1.1 available at D:/Xilinx/Vivado/2023.2/data/boards/board_files/cora-z7-10/B.0/board.xml as part xc7z010clg400-1 specified in board_part file is either invalid or not available
WARNING: [Board 49-26] cannot add Board Part digilentinc.com:eclypse-z7:part0:1.0 available at D:/Xilinx/Vivado/2023.2/data/boards/board_files/eclypse-z7/A.0/board.xml as part xc7z020clg484-1 specified in board_part file is either invalid or not available
WARNING: [Board 49-26] cannot add Board Part digilentinc.com:eclypse-z7:part0:1.1 available at D:/Xilinx/Vivado/2023.2/data/boards/board_files/eclypse-z7/B.0/board.xml as part xc7z020clg484-1 specified in board_part file is either invalid or not available
WARNING: [Board 49-26] cannot add Board Part digilentinc.com:gzu_3eg:part0:1.0 available at D:/Xilinx/Vivado/2023.2/data/boards/board_files/genesys-zu-3eg/B.0/board.xml as part xczu3eg-sfvc784-1-e specified in board_part file is either invalid or not available
WARNING: [Board 49-26] cannot add Board Part digilentinc.com:gzu_3eg:part0:1.1 available at D:/Xilinx/Vivado/2023.2/data/boards/board_files/genesys-zu-3eg/D.0/board.xml as part xczu3eg-sfvc784-1-e specified in board_part file is either invalid or not available
WARNING: [Board 49-26] cannot add Board Part digilentinc.com:gzu_5ev:part0:1.1 available at D:/Xilinx/Vivado/2023.2/data/boards/board_files/genesys-zu-5ev/C.0/board.xml as part xczu5ev-sfvc784-1-e specified in board_part file is either invalid or not available
WARNING: [Board 49-26] cannot add Board Part digilentinc.com:zedboard:part0:1.1 available at D:/Xilinx/Vivado/2023.2/data/boards/board_files/zedboard/1.3/board.xml as part xc7z020clg484-1 specified in board_part file is either invalid or not available
WARNING: [Board 49-26] cannot add Board Part digilentinc.com:zybo-z7-10:part0:1.2 available at D:/Xilinx/Vivado/2023.2/data/boards/board_files/zybo-z7-10/A.0/board.xml as part xc7z010clg400-1 specified in board_part file is either invalid or not available
WARNING: [Board 49-26] cannot add Board Part digilentinc.com:zybo-z7-20:part0:1.2 available at D:/Xilinx/Vivado/2023.2/data/boards/board_files/zybo-z7-20/A.0/board.xml as part xc7z020clg400-1 specified in board_part file is either invalid or not available
WARNING: [Board 49-26] cannot add Board Part digilentinc.com:zybo:part0:1.0 available at D:/Xilinx/Vivado/2023.2/data/boards/board_files/zybo/B.3/board.xml as part xc7z010clg400-1 specified in board_part file is either invalid or not available
WARNING: [Board 49-26] cannot add Board Part digilentinc.com:zybo:part0:2.0 available at D:/Xilinx/Vivado/2023.2/data/boards/board_files/zybo/B.4/board.xml as part xc7z010clg400-1 specified in board_part file is either invalid or not available
WARNING: [Board 49-26] cannot add Board Part xilinx.com:kcu105:part0:1.6 available at D:/Xilinx/Vivado/2023.2/data/xhub/boards/XilinxBoardStore/boards/Xilinx/kcu105/1.6/board.xml as part xcku040-ffva1156-2-e specified in board_part file is either invalid or not available
WARNING: [Board 49-26] cannot add Board Part xilinx.com:kcu105:part0:1.7 available at D:/Xilinx/Vivado/2023.2/data/xhub/boards/XilinxBoardStore/boards/Xilinx/kcu105/1.7/board.xml as part xcku040-ffva1156-2-e specified in board_part file is either invalid or not available
WARNING: [Board 49-26] cannot add Board Part xilinx.com:kcu116:part0:1.4 available at D:/Xilinx/Vivado/2023.2/data/xhub/boards/XilinxBoardStore/boards/Xilinx/kcu116/1.4/board.xml as part xcku5p-ffvb676-2-e specified in board_part file is either invalid or not available
WARNING: [Board 49-26] cannot add Board Part xilinx.com:kcu116:part0:1.5 available at D:/Xilinx/Vivado/2023.2/data/xhub/boards/XilinxBoardStore/boards/Xilinx/kcu116/1.5/board.xml as part xcku5p-ffvb676-2-e specified in board_part file is either invalid or not available
WARNING: [Board 49-26] cannot add Board Part xilinx.com:kcu1500:part0:1.2 available at D:/Xilinx/Vivado/2023.2/data/xhub/boards/XilinxBoardStore/boards/Xilinx/kcu1500/1.2/board.xml as part xcku115-flvb2104-2-e specified in board_part file is either invalid or not available
WARNING: [Board 49-26] cannot add Board Part xilinx.com:vck190:part0:2.2 available at D:/Xilinx/Vivado/2023.2/data/xhub/boards/XilinxBoardStore/boards/Xilinx/vck190/production/2.2/board.xml as part xcvc1902-vsva2197-2mp-e-s specified in board_part file is either invalid or not available
WARNING: [Board 49-26] cannot add Board Part xilinx.com:vck190:part0:3.0 available at D:/Xilinx/Vivado/2023.2/data/xhub/boards/XilinxBoardStore/boards/Xilinx/vck190/production/3.0/board.xml as part xcvc1902-vsva2197-2mp-e-s specified in board_part file is either invalid or not available
WARNING: [Board 49-26] cannot add Board Part xilinx.com:vck190:part0:3.1 available at D:/Xilinx/Vivado/2023.2/data/xhub/boards/XilinxBoardStore/boards/Xilinx/vck190/production/3.1/board.xml as part xcvc1902-vsva2197-2mp-e-s specified in board_part file is either invalid or not available
WARNING: [Board 49-26] cannot add Board Part xilinx.com:vck190:part0:3.2 available at D:/Xilinx/Vivado/2023.2/data/xhub/boards/XilinxBoardStore/boards/Xilinx/vck190/production/3.2/board.xml as part xcvc1902-vsva2197-2mp-e-s specified in board_part file is either invalid or not available
WARNING: [Board 49-26] cannot add Board Part xilinx.com:vck190_newl:part0:1.0 available at D:/Xilinx/Vivado/2023.2/data/xhub/boards/XilinxBoardStore/boards/Xilinx/vck190_newl/production/1.0/board.xml as part xcvc1902-vsva2197-2mp-e-s specified in board_part file is either invalid or not available
WARNING: [Board 49-26] cannot add Board Part xilinx.com:vck190_newl:part0:1.1 available at D:/Xilinx/Vivado/2023.2/data/xhub/boards/XilinxBoardStore/boards/Xilinx/vck190_newl/production/1.1/board.xml as part xcvc1902-vsva2197-2mp-e-s specified in board_part file is either invalid or not available
WARNING: [Board 49-26] cannot add Board Part xilinx.com:vcu108:part0:1.6 available at D:/Xilinx/Vivado/2023.2/data/xhub/boards/XilinxBoardStore/boards/Xilinx/vcu108/1.6/board.xml as part xcvu095-ffva2104-2-e specified in board_part file is either invalid or not available
WARNING: [Board 49-26] cannot add Board Part xilinx.com:vcu108:part0:1.7 available at D:/Xilinx/Vivado/2023.2/data/xhub/boards/XilinxBoardStore/boards/Xilinx/vcu108/1.7/board.xml as part xcvu095-ffva2104-2-e specified in board_part file is either invalid or not available
WARNING: [Board 49-26] cannot add Board Part xilinx.com:vcu110:part0:1.4 available at D:/Xilinx/Vivado/2023.2/data/xhub/boards/XilinxBoardStore/boards/Xilinx/vcu110/1.4/board.xml as part xcvu190-flgc2104-2-e specified in board_part file is either invalid or not available
WARNING: [Board 49-26] cannot add Board Part xilinx.com:vcu118:part0:2.0 available at D:/Xilinx/Vivado/2023.2/data/xhub/boards/XilinxBoardStore/boards/Xilinx/vcu118/2.0/board.xml as part xcvu9p-flga2104-2l-e specified in board_part file is either invalid or not available
WARNING: [Board 49-26] cannot add Board Part xilinx.com:vcu118:part0:2.3 available at D:/Xilinx/Vivado/2023.2/data/xhub/boards/XilinxBoardStore/boards/Xilinx/vcu118/2.3/board.xml as part xcvu9p-flga2104-2l-e specified in board_part file is either invalid or not available
WARNING: [Board 49-26] cannot add Board Part xilinx.com:vcu118:part0:2.4 available at D:/Xilinx/Vivado/2023.2/data/xhub/boards/XilinxBoardStore/boards/Xilinx/vcu118/2.4/board.xml as part xcvu9p-flga2104-2l-e specified in board_part file is either invalid or not available
WARNING: [Board 49-26] cannot add Board Part xilinx.com:vcu128:part0:1.0 available at D:/Xilinx/Vivado/2023.2/data/xhub/boards/XilinxBoardStore/boards/Xilinx/vcu128/production/1.0/board.xml as part xcvu37p-fsvh2892-2l-e specified in board_part file is either invalid or not available
WARNING: [Board 49-26] cannot add Board Part xilinx.com:vcu129:part0:1.0 available at D:/Xilinx/Vivado/2023.2/data/xhub/boards/XilinxBoardStore/boards/Xilinx/vcu129/production/1.0/board.xml as part xcvu29p-fsga2577-2l-e specified in board_part file is either invalid or not available
WARNING: [Board 49-26] cannot add Board Part xilinx.com:vcu1525:part0:1.3 available at D:/Xilinx/Vivado/2023.2/data/xhub/boards/XilinxBoardStore/boards/Xilinx/vcu1525/1.3/board.xml as part xcvu9p-fsgd2104-2l-e specified in board_part file is either invalid or not available
WARNING: [Board 49-26] cannot add Board Part xilinx.com:vek280:part0:1.0 available at D:/Xilinx/Vivado/2023.2/data/xhub/boards/XilinxBoardStore/boards/Xilinx/vek280/production/1.0/board.xml as part xcve2802-vsvh1760-2mp-e-s specified in board_part file is either invalid or not available
WARNING: [Board 49-26] cannot add Board Part xilinx.com:vek280_es:part0:1.0 available at D:/Xilinx/Vivado/2023.2/data/xhub/boards/XilinxBoardStore/boards/Xilinx/vek280/es/rev_a/1.0/board.xml as part xcve2802-vsvh1760-2lp-e-s-es1 specified in board_part file is either invalid or not available
WARNING: [Board 49-26] cannot add Board Part xilinx.com:vek280_es:part0:1.1 available at D:/Xilinx/Vivado/2023.2/data/xhub/boards/XilinxBoardStore/boards/Xilinx/vek280/es/rev_a/1.1/board.xml as part xcve2802-vsvh1760-2lp-e-s-es1 specified in board_part file is either invalid or not available
WARNING: [Board 49-26] cannot add Board Part xilinx.com:vek280_es_revb:part0:1.0 available at D:/Xilinx/Vivado/2023.2/data/xhub/boards/XilinxBoardStore/boards/Xilinx/vek280/es/rev_b/1.0/board.xml as part xcve2802-vsvh1760-2mp-e-s-es1 specified in board_part file is either invalid or not available
WARNING: [Board 49-26] cannot add Board Part xilinx.com:vek280_es_revb:part0:1.1 available at D:/Xilinx/Vivado/2023.2/data/xhub/boards/XilinxBoardStore/boards/Xilinx/vek280/es/rev_b/1.1/board.xml as part xcve2802-vsvh1760-2mp-e-s-es1 specified in board_part file is either invalid or not available
WARNING: [Board 49-26] cannot add Board Part xilinx.com:vermeo_t1_mpsoc:part0:1.0 available at D:/Xilinx/Vivado/2023.2/data/xhub/boards/XilinxBoardStore/boards/Xilinx/vermeo_t1_mpsoc/1.0/board.xml as part xczu19eg-ffvd1760-2l-e specified in board_part file is either invalid or not available
WARNING: [Board 49-26] cannot add Board Part xilinx.com:vermeo_t1_rfsoc:part0:1.0 available at D:/Xilinx/Vivado/2023.2/data/xhub/boards/XilinxBoardStore/boards/Xilinx/vermeo_t1_rfsoc/1.0/board.xml as part xczu21dr-ffvd1156-2l-e specified in board_part file is either invalid or not available
WARNING: [Board 49-26] cannot add Board Part xilinx.com:vhk158:part0:1.0 available at D:/Xilinx/Vivado/2023.2/data/xhub/boards/XilinxBoardStore/boards/Xilinx/vhk158/production/1.0/board.xml as part xcvh1582-vsva3697-2mp-e-s specified in board_part file is either invalid or not available
WARNING: [Board 49-26] cannot add Board Part xilinx.com:vhk158:part0:1.1 available at D:/Xilinx/Vivado/2023.2/data/xhub/boards/XilinxBoardStore/boards/Xilinx/vhk158/production/1.1/board.xml as part xcvh1582-vsva3697-2mp-e-s specified in board_part file is either invalid or not available
WARNING: [Board 49-26] cannot add Board Part xilinx.com:vhk158_es:part0:1.0 available at D:/Xilinx/Vivado/2023.2/data/xhub/boards/XilinxBoardStore/boards/Xilinx/vhk158/es/1.0/board.xml as part xcvh1582-vsva3697-2mp-e-s-es1 specified in board_part file is either invalid or not available
WARNING: [Board 49-26] cannot add Board Part xilinx.com:vhk158_es:part0:1.1 available at D:/Xilinx/Vivado/2023.2/data/xhub/boards/XilinxBoardStore/boards/Xilinx/vhk158/es/1.1/board.xml as part xcvh1582-vsva3697-2mp-e-s-es1 specified in board_part file is either invalid or not available
WARNING: [Board 49-26] cannot add Board Part xilinx.com:vmk180:part0:2.2 available at D:/Xilinx/Vivado/2023.2/data/xhub/boards/XilinxBoardStore/boards/Xilinx/vmk180/production/2.2/board.xml as part xcvm1802-vsva2197-2mp-e-s specified in board_part file is either invalid or not available
WARNING: [Board 49-26] cannot add Board Part xilinx.com:vmk180:part0:3.0 available at D:/Xilinx/Vivado/2023.2/data/xhub/boards/XilinxBoardStore/boards/Xilinx/vmk180/production/3.0/board.xml as part xcvm1802-vsva2197-2mp-e-s specified in board_part file is either invalid or not available
WARNING: [Board 49-26] cannot add Board Part xilinx.com:vmk180:part0:3.1 available at D:/Xilinx/Vivado/2023.2/data/xhub/boards/XilinxBoardStore/boards/Xilinx/vmk180/production/3.1/board.xml as part xcvm1802-vsva2197-2mp-e-s specified in board_part file is either invalid or not available
WARNING: [Board 49-26] cannot add Board Part xilinx.com:vmk180:part0:3.2 available at D:/Xilinx/Vivado/2023.2/data/xhub/boards/XilinxBoardStore/boards/Xilinx/vmk180/production/3.2/board.xml as part xcvm1802-vsva2197-2mp-e-s specified in board_part file is either invalid or not available
WARNING: [Board 49-26] cannot add Board Part xilinx.com:vmk180_newl:part0:1.0 available at D:/Xilinx/Vivado/2023.2/data/xhub/boards/XilinxBoardStore/boards/Xilinx/vmk180_newl/production/1.0/board.xml as part xcvm1802-vsva2197-2mp-e-s specified in board_part file is either invalid or not available
WARNING: [Board 49-26] cannot add Board Part xilinx.com:vmk180_newl:part0:1.1 available at D:/Xilinx/Vivado/2023.2/data/xhub/boards/XilinxBoardStore/boards/Xilinx/vmk180_newl/production/1.1/board.xml as part xcvm1802-vsva2197-2mp-e-s specified in board_part file is either invalid or not available
WARNING: [Board 49-26] cannot add Board Part xilinx.com:vpk120:part0:1.0 available at D:/Xilinx/Vivado/2023.2/data/xhub/boards/XilinxBoardStore/boards/Xilinx/vpk120/production/1.0/board.xml as part xcvp1202-vsva2785-2mp-e-s specified in board_part file is either invalid or not available
WARNING: [Board 49-26] cannot add Board Part xilinx.com:vpk120:part0:1.1 available at D:/Xilinx/Vivado/2023.2/data/xhub/boards/XilinxBoardStore/boards/Xilinx/vpk120/production/1.1/board.xml as part xcvp1202-vsva2785-2mp-e-s specified in board_part file is either invalid or not available
WARNING: [Board 49-26] cannot add Board Part xilinx.com:vpk120:part0:1.2 available at D:/Xilinx/Vivado/2023.2/data/xhub/boards/XilinxBoardStore/boards/Xilinx/vpk120/production/1.2/board.xml as part xcvp1202-vsva2785-2mp-e-s specified in board_part file is either invalid or not available
WARNING: [Board 49-26] cannot add Board Part xilinx.com:vpk180:part0:1.0 available at D:/Xilinx/Vivado/2023.2/data/xhub/boards/XilinxBoardStore/boards/Xilinx/vpk180/production/1.0/board.xml as part xcvp1802-lsvc4072-2mp-e-s specified in board_part file is either invalid or not available
WARNING: [Board 49-26] cannot add Board Part xilinx.com:vpk180:part0:1.1 available at D:/Xilinx/Vivado/2023.2/data/xhub/boards/XilinxBoardStore/boards/Xilinx/vpk180/production/1.1/board.xml as part xcvp1802-lsvc4072-2mp-e-s specified in board_part file is either invalid or not available
WARNING: [Board 49-26] cannot add Board Part xilinx.com:zc702:part0:1.4 available at D:/Xilinx/Vivado/2023.2/data/xhub/boards/XilinxBoardStore/boards/Xilinx/zc702/1.4/board.xml as part xc7z020clg484-1 specified in board_part file is either invalid or not available
WARNING: [Board 49-26] cannot add Board Part xilinx.com:zc706:part0:1.4 available at D:/Xilinx/Vivado/2023.2/data/xhub/boards/XilinxBoardStore/boards/Xilinx/zc706/1.4/board.xml as part xc7z045ffg900-2 specified in board_part file is either invalid or not available
WARNING: [Board 49-26] cannot add Board Part xilinx.com:zcu102:part0:3.3 available at D:/Xilinx/Vivado/2023.2/data/xhub/boards/XilinxBoardStore/boards/Xilinx/zcu102/3.3/board.xml as part xczu9eg-ffvb1156-2-e specified in board_part file is either invalid or not available
WARNING: [Board 49-26] cannot add Board Part xilinx.com:zcu102:part0:3.4 available at D:/Xilinx/Vivado/2023.2/data/xhub/boards/XilinxBoardStore/boards/Xilinx/zcu102/3.4/board.xml as part xczu9eg-ffvb1156-2-e specified in board_part file is either invalid or not available
WARNING: [Board 49-26] cannot add Board Part xilinx.com:zcu104:part0:1.1 available at D:/Xilinx/Vivado/2023.2/data/xhub/boards/XilinxBoardStore/boards/Xilinx/zcu104/1.1/board.xml as part xczu7ev-ffvc1156-2-e specified in board_part file is either invalid or not available
WARNING: [Board 49-26] cannot add Board Part xilinx.com:zcu106:part0:2.4 available at D:/Xilinx/Vivado/2023.2/data/xhub/boards/XilinxBoardStore/boards/Xilinx/zcu106/2.4/board.xml as part xczu7ev-ffvc1156-2-e specified in board_part file is either invalid or not available
WARNING: [Board 49-26] cannot add Board Part xilinx.com:zcu106:part0:2.5 available at D:/Xilinx/Vivado/2023.2/data/xhub/boards/XilinxBoardStore/boards/Xilinx/zcu106/2.5/board.xml as part xczu7ev-ffvc1156-2-e specified in board_part file is either invalid or not available
WARNING: [Board 49-26] cannot add Board Part xilinx.com:zcu106:part0:2.6 available at D:/Xilinx/Vivado/2023.2/data/xhub/boards/XilinxBoardStore/boards/Xilinx/zcu106/2.6/board.xml as part xczu7ev-ffvc1156-2-e specified in board_part file is either invalid or not available
WARNING: [Board 49-26] cannot add Board Part xilinx.com:zcu111:part0:1.2 available at D:/Xilinx/Vivado/2023.2/data/xhub/boards/XilinxBoardStore/boards/Xilinx/zcu111/1.2/board.xml as part xczu28dr-ffvg1517-2-e specified in board_part file is either invalid or not available
WARNING: [Board 49-26] cannot add Board Part xilinx.com:zcu111:part0:1.3 available at D:/Xilinx/Vivado/2023.2/data/xhub/boards/XilinxBoardStore/boards/Xilinx/zcu111/1.3/board.xml as part xczu28dr-ffvg1517-2-e specified in board_part file is either invalid or not available
WARNING: [Board 49-26] cannot add Board Part xilinx.com:zcu111:part0:1.4 available at D:/Xilinx/Vivado/2023.2/data/xhub/boards/XilinxBoardStore/boards/Xilinx/zcu111/1.4/board.xml as part xczu28dr-ffvg1517-2-e specified in board_part file is either invalid or not available
WARNING: [Board 49-26] cannot add Board Part xilinx.com:zcu1275:part0:1.0 available at D:/Xilinx/Vivado/2023.2/data/xhub/boards/XilinxBoardStore/boards/Xilinx/zcu1275/1.0/board.xml as part xczu29dr-ffvf1760-2-e specified in board_part file is either invalid or not available
WARNING: [Board 49-26] cannot add Board Part xilinx.com:zcu1285:part0:1.0 available at D:/Xilinx/Vivado/2023.2/data/xhub/boards/XilinxBoardStore/boards/Xilinx/zcu1285/1.0/board.xml as part xczu39dr-ffvf1760-2-i specified in board_part file is either invalid or not available
WARNING: [Board 49-26] cannot add Board Part xilinx.com:zcu208:part0:2.0 available at D:/Xilinx/Vivado/2023.2/data/xhub/boards/XilinxBoardStore/boards/Xilinx/zcu208/production/2.0/board.xml as part xczu48dr-fsvg1517-2-e specified in board_part file is either invalid or not available
WARNING: [Board 49-26] cannot add Board Part xilinx.com:zcu208ld:part0:2.0 available at D:/Xilinx/Vivado/2023.2/data/xhub/boards/XilinxBoardStore/boards/Xilinx/zcu208ld/production/2.0/board.xml as part xczu58dr-fsvg1517-2-i specified in board_part file is either invalid or not available
WARNING: [Board 49-26] cannot add Board Part xilinx.com:zcu216:part0:2.0 available at D:/Xilinx/Vivado/2023.2/data/xhub/boards/XilinxBoardStore/boards/Xilinx/zcu216/production/2.0/board.xml as part xczu49dr-ffvf1760-2-e specified in board_part file is either invalid or not available
WARNING: [Board 49-26] cannot add Board Part xilinx.com:zcu216ld:part0:2.0 available at D:/Xilinx/Vivado/2023.2/data/xhub/boards/XilinxBoardStore/boards/Xilinx/zcu216ld/production/2.0/board.xml as part xczu59dr-ffvf1760-2-i specified in board_part file is either invalid or not available
WARNING: [Board 49-26] cannot add Board Part xilinx.com:zcu670:part0:2.0 available at D:/Xilinx/Vivado/2023.2/data/xhub/boards/XilinxBoardStore/boards/Xilinx/zcu670/2.0/board.xml as part xczu67dr-fsve1156-2-i specified in board_part file is either invalid or not available
WARNING: [Board 49-26] cannot add Board Part xilinx.com:zcu670ld:part0:1.0 available at D:/Xilinx/Vivado/2023.2/data/xhub/boards/XilinxBoardStore/boards/Xilinx/zcu670ld/1.0/board.xml as part xczu57dr-fsve1156-2-i specified in board_part file is either invalid or not available
Scanning sources...
Finished scanning sources
INFO: [IP_Flow 19-234] Refreshing IP repositories
INFO: [IP_Flow 19-1704] No user IP repositories specified
INFO: [IP_Flow 19-2313] Loaded Vivado IP repository 'D:/Xilinx/Vivado/2023.2/data/ip'.
open_project: Time (s): cpu = 00:00:11 ; elapsed = 00:00:10 . Memory (MB): peak = 1600.715 ; gain = 368.977
update_compile_order -fileset sources_1
open_hw_manager
connect_hw_server -allow_non_jtag
INFO: [Labtools 27-2285] Connecting to hw_server url TCP:localhost:3121
INFO: [Labtools 27-2222] Launching hw_server...
INFO: [Labtools 27-2221] Launch Output:
ECHO is off.
ECHO is off.

****** Xilinx hw_server v2023.2.1
  **** Build date : Dec 14 2023 at 13:42:59
    ** Copyright 1986-2022 Xilinx, Inc. All Rights Reserved.


INFO: [Labtools 27-3415] Connecting to cs_server url TCP:localhost:0
INFO: [Labtools 27-3417] Launching cs_server...
INFO: [Labtools 27-2221] Launch Output:
ECHO is off.
ECHO is off.


******** Xilinx cs_server v2023.2.0
  ****** Build date   : Oct 10 2023-12:01:56
    **** Build number : 2023.2.1696910516
      ** Copyright 2017-2022 Xilinx, Inc. All Rights Reserved.
      ** Copyright 2022-2024 Advanced Micro Devices, Inc. All Rights Reserved.



connect_hw_server: Time (s): cpu = 00:00:00 ; elapsed = 00:00:06 . Memory (MB): peak = 1634.926 ; gain = 0.000
reset_run impl_1 -prev_step 
launch_runs impl_1 -to_step write_bitstream -jobs 8
[Sun Mar  3 19:45:12 2024] Launched impl_1...
Run output will be captured here: D:/verilog_practice/project_line_buffer_2/project_line_buffer_2.runs/impl_1/runme.log
disconnect_hw_server localhost:3121
connect_hw_server -allow_non_jtag
INFO: [Labtools 27-2285] Connecting to hw_server url TCP:localhost:3121
INFO: [Labtools 27-3415] Connecting to cs_server url TCP:localhost:0
INFO: [Labtools 27-3417] Launching cs_server...
INFO: [Labtools 27-2221] Launch Output:
ECHO is off.
ECHO is off.


******** Xilinx cs_server v2023.2.0
  ****** Build date   : Oct 10 2023-12:01:56
    **** Build number : 2023.2.1696910516
      ** Copyright 2017-2022 Xilinx, Inc. All Rights Reserved.
      ** Copyright 2022-2024 Advanced Micro Devices, Inc. All Rights Reserved.



disconnect_hw_server localhost:3121
connect_hw_server -allow_non_jtag
INFO: [Labtools 27-2285] Connecting to hw_server url TCP:localhost:3121
INFO: [Labtools 27-3415] Connecting to cs_server url TCP:localhost:0
INFO: [Labtools 27-3417] Launching cs_server...
INFO: [Labtools 27-2221] Launch Output:
ECHO is off.
ECHO is off.


******** Xilinx cs_server v2023.2.0
  ****** Build date   : Oct 10 2023-12:01:56
    **** Build number : 2023.2.1696910516
      ** Copyright 2017-2022 Xilinx, Inc. All Rights Reserved.
      ** Copyright 2022-2024 Advanced Micro Devices, Inc. All Rights Reserved.



disconnect_hw_server localhost:3121
connect_hw_server -allow_non_jtag
INFO: [Labtools 27-2285] Connecting to hw_server url TCP:localhost:3121
INFO: [Labtools 27-3415] Connecting to cs_server url TCP:localhost:0
INFO: [Labtools 27-3417] Launching cs_server...
INFO: [Labtools 27-2221] Launch Output:
ECHO is off.
ECHO is off.


******** Xilinx cs_server v2023.2.0
  ****** Build date   : Oct 10 2023-12:01:56
    **** Build number : 2023.2.1696910516
      ** Copyright 2017-2022 Xilinx, Inc. All Rights Reserved.
      ** Copyright 2022-2024 Advanced Micro Devices, Inc. All Rights Reserved.



open_hw_target {localhost:3121/xilinx_tcf/Digilent/210183BB4709A}
INFO: [Labtoolstcl 44-466] Opening hw_target localhost:3121/xilinx_tcf/Digilent/210183BB4709A
set_property PROGRAM.FILE {D:/verilog_practice/project_line_buffer_2/project_line_buffer_2.runs/impl_1/camera_vga_display_top.bit} [get_hw_devices xc7a35t_0]
current_hw_device [get_hw_devices xc7a35t_0]
refresh_hw_device -update_hw_probes false [lindex [get_hw_devices xc7a35t_0] 0]
INFO: [Labtools 27-1435] Device xc7a35t (JTAG device index = 0) is not programmed (DONE status = 0).
set_property PROBES.FILE {} [get_hw_devices xc7a35t_0]
set_property FULL_PROBES.FILE {} [get_hw_devices xc7a35t_0]
set_property PROGRAM.FILE {D:/verilog_practice/project_line_buffer_2/project_line_buffer_2.runs/impl_1/camera_vga_display_top.bit} [get_hw_devices xc7a35t_0]
program_hw_devices [get_hw_devices xc7a35t_0]
INFO: [Labtools 27-3164] End of startup status: HIGH
refresh_hw_device [lindex [get_hw_devices xc7a35t_0] 0]
INFO: [Labtools 27-1434] Device xc7a35t (JTAG device index = 0) is programmed with a design that has no supported debug core(s) in it.
close_hw_manager
WARNING: [IP_Flow 19-4067] Ignoring invalid widget type specified checkbox.Providing a default widget
WARNING: [IP_Flow 19-4067] Ignoring invalid widget type specified checkbox.Providing a default widget
close [ open D:/verilog_practice/project_line_buffer_2/project_line_buffer_2.srcs/sources_1/new/line_buffer.v w ]
add_files D:/verilog_practice/project_line_buffer_2/project_line_buffer_2.srcs/sources_1/new/line_buffer.v
WARNING: [filemgmt 56-199] Attempt to get parsing info during refresh. "On-the-fly" syntax checking information may be incorrect. [D:\verilog_practice\project_line_buffer_2\project_line_buffer_2.srcs\sources_1\imports\ov7670_vga_display-main_原理\vga_control.v:]
WARNING: [filemgmt 56-199] Attempt to get parsing info during refresh. "On-the-fly" syntax checking information may be incorrect. [D:\verilog_practice\project_line_buffer_2\project_line_buffer_2.srcs\sources_1\imports\ov7670_vga_display-main_原理\camera_vga_display_top.v:]
ERROR: [Common 17-180] Spawn failed: Illegal byte sequence
WARNING: [filemgmt 56-199] Attempt to get parsing info during refresh. "On-the-fly" syntax checking information may be incorrect. [D:\verilog_practice\project_line_buffer_2\project_line_buffer_2.srcs\sources_1\imports\ov7670_vga_display-main_原理\vga_control.v:]
WARNING: [filemgmt 56-199] Attempt to get parsing info during refresh. "On-the-fly" syntax checking information may be incorrect. [D:\verilog_practice\project_line_buffer_2\project_line_buffer_2.srcs\sources_1\imports\ov7670_vga_display-main_原理\camera_vga_display_top.v:]
ERROR: [Common 17-180] Spawn failed: Illegal byte sequence
update_compile_order -fileset sources_1
WARNING: [filemgmt 56-199] Attempt to get parsing info during refresh. "On-the-fly" syntax checking information may be incorrect. [D:\verilog_practice\project_line_buffer_2\project_line_buffer_2.srcs\sources_1\imports\ov7670_vga_display-main_原理\vga_control.v:]
WARNING: [filemgmt 56-199] Attempt to get parsing info during refresh. "On-the-fly" syntax checking information may be incorrect. [D:\verilog_practice\project_line_buffer_2\project_line_buffer_2.srcs\sources_1\imports\ov7670_vga_display-main_原理\camera_vga_display_top.v:]
ERROR: [Common 17-180] Spawn failed: Illegal byte sequence
export_ip_user_files -of_objects  [get_files D:/verilog_practice/project_line_buffer_2/project_line_buffer_2.srcs/sources_1/new/color_to_gray.v] -no_script -reset -force -quiet
remove_files  D:/verilog_practice/project_line_buffer_2/project_line_buffer_2.srcs/sources_1/new/color_to_gray.v
WARNING: [filemgmt 56-199] Attempt to get parsing info during refresh. "On-the-fly" syntax checking information may be incorrect. [D:\verilog_practice\project_line_buffer_2\project_line_buffer_2.srcs\sources_1\imports\ov7670_vga_display-main_原理\vga_control.v:]
WARNING: [filemgmt 56-199] Attempt to get parsing info during refresh. "On-the-fly" syntax checking information may be incorrect. [D:\verilog_practice\project_line_buffer_2\project_line_buffer_2.srcs\sources_1\imports\ov7670_vga_display-main_原理\camera_vga_display_top.v:]
WARNING: [filemgmt 56-199] Attempt to get parsing info during refresh. "On-the-fly" syntax checking information may be incorrect. [D:\verilog_practice\project_line_buffer_2\project_line_buffer_2.srcs\sources_1\new\line_buffer.v:]
WARNING: [filemgmt 56-199] Attempt to get parsing info during refresh. "On-the-fly" syntax checking information may be incorrect. [D:\verilog_practice\project_line_buffer_2\project_line_buffer_2.srcs\sources_1\imports\ov7670_vga_display-main_原理\vga_control.v:]
WARNING: [filemgmt 56-199] Attempt to get parsing info during refresh. "On-the-fly" syntax checking information may be incorrect. [D:\verilog_practice\project_line_buffer_2\project_line_buffer_2.srcs\sources_1\imports\ov7670_vga_display-main_原理\camera_vga_display_top.v:]
WARNING: [filemgmt 56-199] Attempt to get parsing info during refresh. "On-the-fly" syntax checking information may be incorrect. [D:\verilog_practice\project_line_buffer_2\project_line_buffer_2.srcs\sources_1\new\line_buffer.v:]
WARNING: [IP_Flow 19-4067] Ignoring invalid widget type specified checkbox.Providing a default widget
WARNING: [IP_Flow 19-4067] Ignoring invalid widget type specified checkbox.Providing a default widget
export_ip_user_files -of_objects  [get_files D:/verilog_practice/project_line_buffer_2/project_line_buffer_2.srcs/sources_1/ip/blk_mem_gen_0/blk_mem_gen_0.xci] -no_script -reset -force -quiet
remove_files  D:/verilog_practice/project_line_buffer_2/project_line_buffer_2.srcs/sources_1/ip/blk_mem_gen_0/blk_mem_gen_0.xci
WARNING: [filemgmt 56-199] Attempt to get parsing info during refresh. "On-the-fly" syntax checking information may be incorrect. [D:\verilog_practice\project_line_buffer_2\project_line_buffer_2.srcs\sources_1\imports\ov7670_vga_display-main_原理\vga_control.v:]
WARNING: [filemgmt 56-199] Attempt to get parsing info during refresh. "On-the-fly" syntax checking information may be incorrect. [D:\verilog_practice\project_line_buffer_2\project_line_buffer_2.srcs\sources_1\imports\ov7670_vga_display-main_原理\camera_vga_display_top.v:]
WARNING: [filemgmt 56-199] Attempt to get parsing info during refresh. "On-the-fly" syntax checking information may be incorrect. [D:\verilog_practice\project_line_buffer_2\project_line_buffer_2.srcs\sources_1\new\line_buffer.v:]
WARNING: [IP_Flow 19-4067] Ignoring invalid widget type specified checkbox.Providing a default widget
WARNING: [IP_Flow 19-4067] Ignoring invalid widget type specified checkbox.Providing a default widget
WARNING: [IP_Flow 19-4067] Ignoring invalid widget type specified checkbox.Providing a default widget
WARNING: [IP_Flow 19-4067] Ignoring invalid widget type specified checkbox.Providing a default widget
export_ip_user_files -of_objects  [get_files D:/verilog_practice/project_line_buffer_2/project_line_buffer_2.srcs/sources_1/ip/line_buffer_0/line_buffer_0.xci] -no_script -reset -force -quiet
remove_files  D:/verilog_practice/project_line_buffer_2/project_line_buffer_2.srcs/sources_1/ip/line_buffer_0/line_buffer_0.xci
WARNING: [filemgmt 56-199] Attempt to get parsing info during refresh. "On-the-fly" syntax checking information may be incorrect. [D:\verilog_practice\project_line_buffer_2\project_line_buffer_2.srcs\sources_1\imports\ov7670_vga_display-main_原理\vga_control.v:]
WARNING: [filemgmt 56-199] Attempt to get parsing info during refresh. "On-the-fly" syntax checking information may be incorrect. [D:\verilog_practice\project_line_buffer_2\project_line_buffer_2.srcs\sources_1\imports\ov7670_vga_display-main_原理\camera_vga_display_top.v:]
WARNING: [filemgmt 56-199] Attempt to get parsing info during refresh. "On-the-fly" syntax checking information may be incorrect. [D:\verilog_practice\project_line_buffer_2\project_line_buffer_2.srcs\sources_1\new\line_buffer.v:]
WARNING: [filemgmt 56-199] Attempt to get parsing info during refresh. "On-the-fly" syntax checking information may be incorrect. [D:\verilog_practice\project_line_buffer_2\project_line_buffer_2.srcs\sources_1\imports\ov7670_vga_display-main_原理\vga_control.v:]
create_ip -name fifo_generator -vendor xilinx.com -library ip -version 13.2 -module_name fifo_generator_0
set_property -dict [list \
  CONFIG.Input_Data_Width {4} \
  CONFIG.Input_Depth {512} \
  CONFIG.Performance_Options {First_Word_Fall_Through} \
] [get_ips fifo_generator_0]
generate_target {instantiation_template} [get_files d:/verilog_practice/project_line_buffer_2/project_line_buffer_2.srcs/sources_1/ip/fifo_generator_0/fifo_generator_0.xci]
INFO: [IP_Flow 19-1686] Generating 'Instantiation Template' target for IP 'fifo_generator_0'...
WARNING: [filemgmt 56-199] Attempt to get parsing info during refresh. "On-the-fly" syntax checking information may be incorrect. [D:\verilog_practice\project_line_buffer_2\project_line_buffer_2.srcs\sources_1\imports\ov7670_vga_display-main_原理\vga_control.v:]
WARNING: [filemgmt 56-199] Attempt to get parsing info during refresh. "On-the-fly" syntax checking information may be incorrect. [D:\verilog_practice\project_line_buffer_2\project_line_buffer_2.srcs\sources_1\imports\ov7670_vga_display-main_原理\camera_vga_display_top.v:]
WARNING: [filemgmt 56-199] Attempt to get parsing info during refresh. "On-the-fly" syntax checking information may be incorrect. [D:\verilog_practice\project_line_buffer_2\project_line_buffer_2.srcs\sources_1\new\line_buffer.v:]
WARNING: [filemgmt 56-199] Attempt to get parsing info during refresh. "On-the-fly" syntax checking information may be incorrect. [D:\verilog_practice\project_line_buffer_2\project_line_buffer_2.srcs\sources_1\imports\ov7670_vga_display-main_原理\vga_control.v:]
WARNING: [filemgmt 56-199] Attempt to get parsing info during refresh. "On-the-fly" syntax checking information may be incorrect. [D:\verilog_practice\project_line_buffer_2\project_line_buffer_2.srcs\sources_1\imports\ov7670_vga_display-main_原理\camera_vga_display_top.v:]
WARNING: [filemgmt 56-199] Attempt to get parsing info during refresh. "On-the-fly" syntax checking information may be incorrect. [D:\verilog_practice\project_line_buffer_2\project_line_buffer_2.srcs\sources_1\new\line_buffer.v:]
ERROR: [Common 17-180] Spawn failed: Illegal byte sequence
update_compile_order -fileset sources_1
WARNING: [filemgmt 56-199] Attempt to get parsing info during refresh. "On-the-fly" syntax checking information may be incorrect. [D:\verilog_practice\project_line_buffer_2\project_line_buffer_2.srcs\sources_1\imports\ov7670_vga_display-main_原理\vga_control.v:]
WARNING: [filemgmt 56-199] Attempt to get parsing info during refresh. "On-the-fly" syntax checking information may be incorrect. [D:\verilog_practice\project_line_buffer_2\project_line_buffer_2.srcs\sources_1\imports\ov7670_vga_display-main_原理\camera_vga_display_top.v:]
WARNING: [filemgmt 56-199] Attempt to get parsing info during refresh. "On-the-fly" syntax checking information may be incorrect. [D:\verilog_practice\project_line_buffer_2\project_line_buffer_2.srcs\sources_1\new\line_buffer.v:]
WARNING: [filemgmt 56-199] Attempt to get parsing info during refresh. "On-the-fly" syntax checking information may be incorrect. [D:\verilog_practice\project_line_buffer_2\project_line_buffer_2.srcs\sources_1\imports\ov7670_vga_display-main_原理\vga_control.v:]
WARNING: [filemgmt 56-199] Attempt to get parsing info during refresh. "On-the-fly" syntax checking information may be incorrect. [D:\verilog_practice\project_line_buffer_2\project_line_buffer_2.srcs\sources_1\imports\ov7670_vga_display-main_原理\camera_vga_display_top.v:]
WARNING: [filemgmt 56-199] Attempt to get parsing info during refresh. "On-the-fly" syntax checking information may be incorrect. [D:\verilog_practice\project_line_buffer_2\project_line_buffer_2.srcs\sources_1\new\line_buffer.v:]
generate_target all [get_files  d:/verilog_practice/project_line_buffer_2/project_line_buffer_2.srcs/sources_1/ip/fifo_generator_0/fifo_generator_0.xci]
INFO: [IP_Flow 19-1686] Generating 'Synthesis' target for IP 'fifo_generator_0'...
INFO: [IP_Flow 19-1686] Generating 'Simulation' target for IP 'fifo_generator_0'...
INFO: [IP_Flow 19-1686] Generating 'Change Log' target for IP 'fifo_generator_0'...
catch { config_ip_cache -export [get_ips -all fifo_generator_0] }
INFO: [IP_Flow 19-6924] IPCACHE: Running cache check for IP inst: fifo_generator_0
export_ip_user_files -of_objects [get_files d:/verilog_practice/project_line_buffer_2/project_line_buffer_2.srcs/sources_1/ip/fifo_generator_0/fifo_generator_0.xci] -no_script -sync -force -quiet
INFO: [Vivado 12-23855] The given sub-design is auto disabled, no action will be taken: 'd:/verilog_practice/project_line_buffer_2/project_line_buffer_2.srcs/sources_1/ip/fifo_generator_0/fifo_generator_0.xci'
export_simulation -of_objects [get_files d:/verilog_practice/project_line_buffer_2/project_line_buffer_2.srcs/sources_1/ip/fifo_generator_0/fifo_generator_0.xci] -directory D:/verilog_practice/project_line_buffer_2/project_line_buffer_2.ip_user_files/sim_scripts -ip_user_files_dir D:/verilog_practice/project_line_buffer_2/project_line_buffer_2.ip_user_files -ipstatic_source_dir D:/verilog_practice/project_line_buffer_2/project_line_buffer_2.ip_user_files/ipstatic -lib_map_path [list {modelsim=D:/verilog_practice/project_line_buffer_2/project_line_buffer_2.cache/compile_simlib/modelsim} {questa=D:/verilog_practice/project_line_buffer_2/project_line_buffer_2.cache/compile_simlib/questa} {riviera=D:/verilog_practice/project_line_buffer_2/project_line_buffer_2.cache/compile_simlib/riviera} {activehdl=D:/verilog_practice/project_line_buffer_2/project_line_buffer_2.cache/compile_simlib/activehdl}] -use_ip_compiled_libs -force -quiet
export_ip_user_files -of_objects  [get_files d:/verilog_practice/project_line_buffer_2/project_line_buffer_2.srcs/sources_1/ip/fifo_generator_0/fifo_generator_0.xci] -no_script -reset -force -quiet
remove_files  d:/verilog_practice/project_line_buffer_2/project_line_buffer_2.srcs/sources_1/ip/fifo_generator_0/fifo_generator_0.xci
WARNING: [filemgmt 56-199] Attempt to get parsing info during refresh. "On-the-fly" syntax checking information may be incorrect. [D:\verilog_practice\project_line_buffer_2\project_line_buffer_2.srcs\sources_1\imports\ov7670_vga_display-main_原理\vga_control.v:]
WARNING: [filemgmt 56-199] Attempt to get parsing info during refresh. "On-the-fly" syntax checking information may be incorrect. [D:\verilog_practice\project_line_buffer_2\project_line_buffer_2.srcs\sources_1\imports\ov7670_vga_display-main_原理\camera_vga_display_top.v:]
WARNING: [filemgmt 56-199] Attempt to get parsing info during refresh. "On-the-fly" syntax checking information may be incorrect. [D:\verilog_practice\project_line_buffer_2\project_line_buffer_2.srcs\sources_1\new\line_buffer.v:]
WARNING: [filemgmt 56-199] Attempt to get parsing info during refresh. "On-the-fly" syntax checking information may be incorrect. [D:\verilog_practice\project_line_buffer_2\project_line_buffer_2.srcs\sources_1\imports\ov7670_vga_display-main_原理\vga_control.v:]
WARNING: [filemgmt 56-199] Attempt to get parsing info during refresh. "On-the-fly" syntax checking information may be incorrect. [D:\verilog_practice\project_line_buffer_2\project_line_buffer_2.srcs\sources_1\imports\ov7670_vga_display-main_原理\camera_vga_display_top.v:]
WARNING: [filemgmt 56-199] Attempt to get parsing info during refresh. "On-the-fly" syntax checking information may be incorrect. [D:\verilog_practice\project_line_buffer_2\project_line_buffer_2.srcs\sources_1\new\line_buffer.v:]
create_ip -name fifo_generator -vendor xilinx.com -library ip -version 13.2 -module_name line_fifo
set_property -dict [list \
  CONFIG.Data_Count {false} \
  CONFIG.Input_Data_Width {4} \
  CONFIG.Input_Depth {512} \
  CONFIG.Performance_Options {First_Word_Fall_Through} \
] [get_ips line_fifo]
generate_target {instantiation_template} [get_files d:/verilog_practice/project_line_buffer_2/project_line_buffer_2.srcs/sources_1/ip/line_fifo/line_fifo.xci]
INFO: [IP_Flow 19-1686] Generating 'Instantiation Template' target for IP 'line_fifo'...
WARNING: [filemgmt 56-199] Attempt to get parsing info during refresh. "On-the-fly" syntax checking information may be incorrect. [D:\verilog_practice\project_line_buffer_2\project_line_buffer_2.srcs\sources_1\imports\ov7670_vga_display-main_原理\vga_control.v:]
WARNING: [filemgmt 56-199] Attempt to get parsing info during refresh. "On-the-fly" syntax checking information may be incorrect. [D:\verilog_practice\project_line_buffer_2\project_line_buffer_2.srcs\sources_1\imports\ov7670_vga_display-main_原理\camera_vga_display_top.v:]
WARNING: [filemgmt 56-199] Attempt to get parsing info during refresh. "On-the-fly" syntax checking information may be incorrect. [D:\verilog_practice\project_line_buffer_2\project_line_buffer_2.srcs\sources_1\new\line_buffer.v:]
WARNING: [filemgmt 56-199] Attempt to get parsing info during refresh. "On-the-fly" syntax checking information may be incorrect. [D:\verilog_practice\project_line_buffer_2\project_line_buffer_2.srcs\sources_1\imports\ov7670_vga_display-main_原理\vga_control.v:]
WARNING: [filemgmt 56-199] Attempt to get parsing info during refresh. "On-the-fly" syntax checking information may be incorrect. [D:\verilog_practice\project_line_buffer_2\project_line_buffer_2.srcs\sources_1\imports\ov7670_vga_display-main_原理\camera_vga_display_top.v:]
WARNING: [filemgmt 56-199] Attempt to get parsing info during refresh. "On-the-fly" syntax checking information may be incorrect. [D:\verilog_practice\project_line_buffer_2\project_line_buffer_2.srcs\sources_1\new\line_buffer.v:]
ERROR: [Common 17-180] Spawn failed: Illegal byte sequence
update_compile_order -fileset sources_1
WARNING: [filemgmt 56-199] Attempt to get parsing info during refresh. "On-the-fly" syntax checking information may be incorrect. [D:\verilog_practice\project_line_buffer_2\project_line_buffer_2.srcs\sources_1\imports\ov7670_vga_display-main_原理\vga_control.v:]
WARNING: [filemgmt 56-199] Attempt to get parsing info during refresh. "On-the-fly" syntax checking information may be incorrect. [D:\verilog_practice\project_line_buffer_2\project_line_buffer_2.srcs\sources_1\imports\ov7670_vga_display-main_原理\camera_vga_display_top.v:]
WARNING: [filemgmt 56-199] Attempt to get parsing info during refresh. "On-the-fly" syntax checking information may be incorrect. [D:\verilog_practice\project_line_buffer_2\project_line_buffer_2.srcs\sources_1\new\line_buffer.v:]
WARNING: [filemgmt 56-199] Attempt to get parsing info during refresh. "On-the-fly" syntax checking information may be incorrect. [D:\verilog_practice\project_line_buffer_2\project_line_buffer_2.srcs\sources_1\imports\ov7670_vga_display-main_原理\vga_control.v:]
close [ open D:/verilog_practice/project_line_buffer_2/project_line_buffer_2.srcs/sources_1/new/matrix_3x3.v w ]
add_files D:/verilog_practice/project_line_buffer_2/project_line_buffer_2.srcs/sources_1/new/matrix_3x3.v
WARNING: [filemgmt 56-199] Attempt to get parsing info during refresh. "On-the-fly" syntax checking information may be incorrect. [D:\verilog_practice\project_line_buffer_2\project_line_buffer_2.srcs\sources_1\imports\ov7670_vga_display-main_原理\vga_control.v:]
WARNING: [filemgmt 56-199] Attempt to get parsing info during refresh. "On-the-fly" syntax checking information may be incorrect. [D:\verilog_practice\project_line_buffer_2\project_line_buffer_2.srcs\sources_1\imports\ov7670_vga_display-main_原理\camera_vga_display_top.v:]
WARNING: [filemgmt 56-199] Attempt to get parsing info during refresh. "On-the-fly" syntax checking information may be incorrect. [D:\verilog_practice\project_line_buffer_2\project_line_buffer_2.srcs\sources_1\new\line_buffer.v:]
WARNING: [filemgmt 56-199] Attempt to get parsing info during refresh. "On-the-fly" syntax checking information may be incorrect. [D:\verilog_practice\project_line_buffer_2\project_line_buffer_2.srcs\sources_1\imports\ov7670_vga_display-main_原理\vga_control.v:]
WARNING: [filemgmt 56-199] Attempt to get parsing info during refresh. "On-the-fly" syntax checking information may be incorrect. [D:\verilog_practice\project_line_buffer_2\project_line_buffer_2.srcs\sources_1\imports\ov7670_vga_display-main_原理\camera_vga_display_top.v:]
WARNING: [filemgmt 56-199] Attempt to get parsing info during refresh. "On-the-fly" syntax checking information may be incorrect. [D:\verilog_practice\project_line_buffer_2\project_line_buffer_2.srcs\sources_1\new\line_buffer.v:]
update_compile_order -fileset sources_1
WARNING: [filemgmt 56-199] Attempt to get parsing info during refresh. "On-the-fly" syntax checking information may be incorrect. [D:\verilog_practice\project_line_buffer_2\project_line_buffer_2.srcs\sources_1\imports\ov7670_vga_display-main_原理\vga_control.v:]
WARNING: [filemgmt 56-199] Attempt to get parsing info during refresh. "On-the-fly" syntax checking information may be incorrect. [D:\verilog_practice\project_line_buffer_2\project_line_buffer_2.srcs\sources_1\imports\ov7670_vga_display-main_原理\camera_vga_display_top.v:]
WARNING: [filemgmt 56-199] Attempt to get parsing info during refresh. "On-the-fly" syntax checking information may be incorrect. [D:\verilog_practice\project_line_buffer_2\project_line_buffer_2.srcs\sources_1\new\line_buffer.v:]
WARNING: [filemgmt 56-199] Attempt to get parsing info during refresh. "On-the-fly" syntax checking information may be incorrect. [D:\verilog_practice\project_line_buffer_2\project_line_buffer_2.srcs\sources_1\imports\ov7670_vga_display-main_原理\vga_control.v:]
WARNING: [filemgmt 56-199] Attempt to get parsing info during refresh. "On-the-fly" syntax checking information may be incorrect. [D:\verilog_practice\project_line_buffer_2\project_line_buffer_2.srcs\sources_1\imports\ov7670_vga_display-main_原理\camera_vga_display_top.v:]
reset_run synth_1
INFO: [Project 1-1161] Replacing file D:/verilog_practice/project_line_buffer_2/project_line_buffer_2.srcs/utils_1/imports/synth_1/camera_vga_display_top.dcp with file D:/verilog_practice/project_line_buffer_2/project_line_buffer_2.runs/synth_1/camera_vga_display_top.dcp
WARNING: [filemgmt 56-199] Attempt to get parsing info during refresh. "On-the-fly" syntax checking information may be incorrect. [D:\verilog_practice\project_line_buffer_2\project_line_buffer_2.srcs\sources_1\new\matrix_3x3.v:]
WARNING: [filemgmt 56-199] Attempt to get parsing info during refresh. "On-the-fly" syntax checking information may be incorrect. [D:\verilog_practice\project_line_buffer_2\project_line_buffer_2.srcs\sources_1\imports\ov7670_vga_display-main_原理\vga_control.v:]
WARNING: [filemgmt 56-199] Attempt to get parsing info during refresh. "On-the-fly" syntax checking information may be incorrect. [D:\verilog_practice\project_line_buffer_2\project_line_buffer_2.srcs\sources_1\imports\ov7670_vga_display-main_原理\camera_vga_display_top.v:]
WARNING: [filemgmt 56-199] Attempt to get parsing info during refresh. "On-the-fly" syntax checking information may be incorrect. [D:\verilog_practice\project_line_buffer_2\project_line_buffer_2.srcs\sources_1\new\line_buffer.v:]
WARNING: [filemgmt 56-199] Attempt to get parsing info during refresh. "On-the-fly" syntax checking information may be incorrect. [D:\verilog_practice\project_line_buffer_2\project_line_buffer_2.srcs\sources_1\new\matrix_3x3.v:]
WARNING: [filemgmt 56-199] Attempt to get parsing info during refresh. "On-the-fly" syntax checking information may be incorrect. [D:\verilog_practice\project_line_buffer_2\project_line_buffer_2.srcs\sources_1\imports\ov7670_vga_display-main_原理\vga_control.v:]
WARNING: [filemgmt 56-199] Attempt to get parsing info during refresh. "On-the-fly" syntax checking information may be incorrect. [D:\verilog_practice\project_line_buffer_2\project_line_buffer_2.srcs\sources_1\imports\ov7670_vga_display-main_原理\camera_vga_display_top.v:]
WARNING: [filemgmt 56-199] Attempt to get parsing info during refresh. "On-the-fly" syntax checking information may be incorrect. [D:\verilog_practice\project_line_buffer_2\project_line_buffer_2.srcs\sources_1\new\line_buffer.v:]
ERROR: [Common 17-180] Spawn failed: Illegal byte sequence
WARNING: [filemgmt 56-199] Attempt to get parsing info during refresh. "On-the-fly" syntax checking information may be incorrect. [D:\verilog_practice\project_line_buffer_2\project_line_buffer_2.srcs\sources_1\new\matrix_3x3.v:]
WARNING: [filemgmt 56-199] Attempt to get parsing info during refresh. "On-the-fly" syntax checking information may be incorrect. [D:\verilog_practice\project_line_buffer_2\project_line_buffer_2.srcs\sources_1\imports\ov7670_vga_display-main_原理\vga_control.v:]
WARNING: [filemgmt 56-199] Attempt to get parsing info during refresh. "On-the-fly" syntax checking information may be incorrect. [D:\verilog_practice\project_line_buffer_2\project_line_buffer_2.srcs\sources_1\imports\ov7670_vga_display-main_原理\camera_vga_display_top.v:]
WARNING: [filemgmt 56-199] Attempt to get parsing info during refresh. "On-the-fly" syntax checking information may be incorrect. [D:\verilog_practice\project_line_buffer_2\project_line_buffer_2.srcs\sources_1\new\line_buffer.v:]
ERROR: [Common 17-180] Spawn failed: No error
launch_runs synth_1 -jobs 8
WARNING: [filemgmt 56-199] Attempt to get parsing info during refresh. "On-the-fly" syntax checking information may be incorrect. [D:\verilog_practice\project_line_buffer_2\project_line_buffer_2.srcs\sources_1\new\matrix_3x3.v:]
WARNING: [filemgmt 56-199] Attempt to get parsing info during refresh. "On-the-fly" syntax checking information may be incorrect. [D:\verilog_practice\project_line_buffer_2\project_line_buffer_2.srcs\sources_1\imports\ov7670_vga_display-main_原理\vga_control.v:]
WARNING: [filemgmt 56-199] Attempt to get parsing info during refresh. "On-the-fly" syntax checking information may be incorrect. [D:\verilog_practice\project_line_buffer_2\project_line_buffer_2.srcs\sources_1\imports\ov7670_vga_display-main_原理\camera_vga_display_top.v:]
WARNING: [filemgmt 56-199] Attempt to get parsing info during refresh. "On-the-fly" syntax checking information may be incorrect. [D:\verilog_practice\project_line_buffer_2\project_line_buffer_2.srcs\sources_1\new\line_buffer.v:]
WARNING: [filemgmt 56-199] Attempt to get parsing info during refresh. "On-the-fly" syntax checking information may be incorrect. [D:\verilog_practice\project_line_buffer_2\project_line_buffer_2.srcs\sources_1\new\matrix_3x3.v:]
WARNING: [filemgmt 56-199] Attempt to get parsing info during refresh. "On-the-fly" syntax checking information may be incorrect. [D:\verilog_practice\project_line_buffer_2\project_line_buffer_2.srcs\sources_1\imports\ov7670_vga_display-main_原理\vga_control.v:]
WARNING: [filemgmt 56-199] Attempt to get parsing info during refresh. "On-the-fly" syntax checking information may be incorrect. [D:\verilog_practice\project_line_buffer_2\project_line_buffer_2.srcs\sources_1\imports\ov7670_vga_display-main_原理\camera_vga_display_top.v:]
WARNING: [filemgmt 56-199] Attempt to get parsing info during refresh. "On-the-fly" syntax checking information may be incorrect. [D:\verilog_practice\project_line_buffer_2\project_line_buffer_2.srcs\sources_1\new\line_buffer.v:]
INFO: [IP_Flow 19-1686] Generating 'Synthesis' target for IP 'line_fifo'...
INFO: [IP_Flow 19-6924] IPCACHE: Running cache check for IP inst: line_fifo
ERROR: [Common 17-180] Spawn failed: Illegal byte sequence
WARNING: [filemgmt 56-199] Attempt to get parsing info during refresh. "On-the-fly" syntax checking information may be incorrect. [D:\verilog_practice\project_line_buffer_2\project_line_buffer_2.srcs\sources_1\new\matrix_3x3.v:]
WARNING: [filemgmt 56-199] Attempt to get parsing info during refresh. "On-the-fly" syntax checking information may be incorrect. [D:\verilog_practice\project_line_buffer_2\project_line_buffer_2.srcs\sources_1\imports\ov7670_vga_display-main_原理\vga_control.v:]
WARNING: [filemgmt 56-199] Attempt to get parsing info during refresh. "On-the-fly" syntax checking information may be incorrect. [D:\verilog_practice\project_line_buffer_2\project_line_buffer_2.srcs\sources_1\imports\ov7670_vga_display-main_原理\camera_vga_display_top.v:]
WARNING: [filemgmt 56-199] Attempt to get parsing info during refresh. "On-the-fly" syntax checking information may be incorrect. [D:\verilog_practice\project_line_buffer_2\project_line_buffer_2.srcs\sources_1\new\line_buffer.v:]
ERROR: [Common 17-180] Spawn failed: No error
[Sun Mar  3 21:20:59 2024] Launched line_fifo_synth_1...
Run output will be captured here: D:/verilog_practice/project_line_buffer_2/project_line_buffer_2.runs/line_fifo_synth_1/runme.log
[Sun Mar  3 21:20:59 2024] Launched synth_1...
Run output will be captured here: D:/verilog_practice/project_line_buffer_2/project_line_buffer_2.runs/synth_1/runme.log
ERROR: [Common 17-39] 'launch_runs' failed due to earlier errors.
WARNING: [filemgmt 56-199] Attempt to get parsing info during refresh. "On-the-fly" syntax checking information may be incorrect. [D:\verilog_practice\project_line_buffer_2\project_line_buffer_2.srcs\sources_1\new\matrix_3x3.v:]
WARNING: [filemgmt 56-199] Attempt to get parsing info during refresh. "On-the-fly" syntax checking information may be incorrect. [D:\verilog_practice\project_line_buffer_2\project_line_buffer_2.srcs\sources_1\imports\ov7670_vga_display-main_原理\vga_control.v:]
WARNING: [filemgmt 56-199] Attempt to get parsing info during refresh. "On-the-fly" syntax checking information may be incorrect. [D:\verilog_practice\project_line_buffer_2\project_line_buffer_2.srcs\sources_1\imports\ov7670_vga_display-main_原理\camera_vga_display_top.v:]
WARNING: [filemgmt 56-199] Attempt to get parsing info during refresh. "On-the-fly" syntax checking information may be incorrect. [D:\verilog_practice\project_line_buffer_2\project_line_buffer_2.srcs\sources_1\new\line_buffer.v:]
WARNING: [filemgmt 56-199] Attempt to get parsing info during refresh. "On-the-fly" syntax checking information may be incorrect. [D:\verilog_practice\project_line_buffer_2\project_line_buffer_2.srcs\sources_1\new\matrix_3x3.v:]
WARNING: [filemgmt 56-199] Attempt to get parsing info during refresh. "On-the-fly" syntax checking information may be incorrect. [D:\verilog_practice\project_line_buffer_2\project_line_buffer_2.srcs\sources_1\imports\ov7670_vga_display-main_原理\vga_control.v:]
WARNING: [filemgmt 56-199] Attempt to get parsing info during refresh. "On-the-fly" syntax checking information may be incorrect. [D:\verilog_practice\project_line_buffer_2\project_line_buffer_2.srcs\sources_1\imports\ov7670_vga_display-main_原理\camera_vga_display_top.v:]
WARNING: [filemgmt 56-199] Attempt to get parsing info during refresh. "On-the-fly" syntax checking information may be incorrect. [D:\verilog_practice\project_line_buffer_2\project_line_buffer_2.srcs\sources_1\new\line_buffer.v:]
ERROR: [Common 17-180] Spawn failed: Illegal byte sequence
WARNING: [filemgmt 56-199] Attempt to get parsing info during refresh. "On-the-fly" syntax checking information may be incorrect. [D:\verilog_practice\project_line_buffer_2\project_line_buffer_2.srcs\sources_1\new\matrix_3x3.v:]
WARNING: [filemgmt 56-199] Attempt to get parsing info during refresh. "On-the-fly" syntax checking information may be incorrect. [D:\verilog_practice\project_line_buffer_2\project_line_buffer_2.srcs\sources_1\imports\ov7670_vga_display-main_原理\vga_control.v:]
WARNING: [filemgmt 56-199] Attempt to get parsing info during refresh. "On-the-fly" syntax checking information may be incorrect. [D:\verilog_practice\project_line_buffer_2\project_line_buffer_2.srcs\sources_1\imports\ov7670_vga_display-main_原理\camera_vga_display_top.v:]
WARNING: [filemgmt 56-199] Attempt to get parsing info during refresh. "On-the-fly" syntax checking information may be incorrect. [D:\verilog_practice\project_line_buffer_2\project_line_buffer_2.srcs\sources_1\new\line_buffer.v:]
ERROR: [Common 17-180] Spawn failed: No error
reset_run synth_1
launch_runs synth_1 -jobs 8
[Sun Mar  3 21:21:06 2024] Launched line_fifo_synth_1...
Run output will be captured here: D:/verilog_practice/project_line_buffer_2/project_line_buffer_2.runs/line_fifo_synth_1/runme.log
[Sun Mar  3 21:21:07 2024] Launched synth_1...
Run output will be captured here: D:/verilog_practice/project_line_buffer_2/project_line_buffer_2.runs/synth_1/runme.log
WARNING: [filemgmt 56-199] Attempt to get parsing info during refresh. "On-the-fly" syntax checking information may be incorrect. [D:\verilog_practice\project_line_buffer_2\project_line_buffer_2.srcs\sources_1\new\matrix_3x3.v:]
WARNING: [filemgmt 56-199] Attempt to get parsing info during refresh. "On-the-fly" syntax checking information may be incorrect. [D:\verilog_practice\project_line_buffer_2\project_line_buffer_2.srcs\sources_1\imports\ov7670_vga_display-main_原理\vga_control.v:]
WARNING: [filemgmt 56-199] Attempt to get parsing info during refresh. "On-the-fly" syntax checking information may be incorrect. [D:\verilog_practice\project_line_buffer_2\project_line_buffer_2.srcs\sources_1\imports\ov7670_vga_display-main_原理\camera_vga_display_top.v:]
WARNING: [filemgmt 56-199] Attempt to get parsing info during refresh. "On-the-fly" syntax checking information may be incorrect. [D:\verilog_practice\project_line_buffer_2\project_line_buffer_2.srcs\sources_1\new\line_buffer.v:]
WARNING: [filemgmt 56-199] Attempt to get parsing info during refresh. "On-the-fly" syntax checking information may be incorrect. [D:\verilog_practice\project_line_buffer_2\project_line_buffer_2.srcs\sources_1\new\matrix_3x3.v:]
WARNING: [filemgmt 56-199] Attempt to get parsing info during refresh. "On-the-fly" syntax checking information may be incorrect. [D:\verilog_practice\project_line_buffer_2\project_line_buffer_2.srcs\sources_1\imports\ov7670_vga_display-main_原理\vga_control.v:]
WARNING: [filemgmt 56-199] Attempt to get parsing info during refresh. "On-the-fly" syntax checking information may be incorrect. [D:\verilog_practice\project_line_buffer_2\project_line_buffer_2.srcs\sources_1\imports\ov7670_vga_display-main_原理\camera_vga_display_top.v:]
WARNING: [filemgmt 56-199] Attempt to get parsing info during refresh. "On-the-fly" syntax checking information may be incorrect. [D:\verilog_practice\project_line_buffer_2\project_line_buffer_2.srcs\sources_1\new\line_buffer.v:]
ERROR: [Common 17-180] Spawn failed: Illegal byte sequence
WARNING: [filemgmt 56-199] Attempt to get parsing info during refresh. "On-the-fly" syntax checking information may be incorrect. [D:\verilog_practice\project_line_buffer_2\project_line_buffer_2.srcs\sources_1\new\matrix_3x3.v:]
WARNING: [filemgmt 56-199] Attempt to get parsing info during refresh. "On-the-fly" syntax checking information may be incorrect. [D:\verilog_practice\project_line_buffer_2\project_line_buffer_2.srcs\sources_1\imports\ov7670_vga_display-main_原理\vga_control.v:]
WARNING: [filemgmt 56-199] Attempt to get parsing info during refresh. "On-the-fly" syntax checking information may be incorrect. [D:\verilog_practice\project_line_buffer_2\project_line_buffer_2.srcs\sources_1\imports\ov7670_vga_display-main_原理\camera_vga_display_top.v:]
WARNING: [filemgmt 56-199] Attempt to get parsing info during refresh. "On-the-fly" syntax checking information may be incorrect. [D:\verilog_practice\project_line_buffer_2\project_line_buffer_2.srcs\sources_1\new\line_buffer.v:]
ERROR: [Common 17-180] Spawn failed: No error
reset_run synth_1
WARNING: [filemgmt 56-199] Attempt to get parsing info during refresh. "On-the-fly" syntax checking information may be incorrect. [D:\verilog_practice\project_line_buffer_2\project_line_buffer_2.srcs\sources_1\new\matrix_3x3.v:]
WARNING: [filemgmt 56-199] Attempt to get parsing info during refresh. "On-the-fly" syntax checking information may be incorrect. [D:\verilog_practice\project_line_buffer_2\project_line_buffer_2.srcs\sources_1\imports\ov7670_vga_display-main_原理\vga_control.v:]
WARNING: [filemgmt 56-199] Attempt to get parsing info during refresh. "On-the-fly" syntax checking information may be incorrect. [D:\verilog_practice\project_line_buffer_2\project_line_buffer_2.srcs\sources_1\imports\ov7670_vga_display-main_原理\camera_vga_display_top.v:]
WARNING: [filemgmt 56-199] Attempt to get parsing info during refresh. "On-the-fly" syntax checking information may be incorrect. [D:\verilog_practice\project_line_buffer_2\project_line_buffer_2.srcs\sources_1\new\line_buffer.v:]
WARNING: [filemgmt 56-199] Attempt to get parsing info during refresh. "On-the-fly" syntax checking information may be incorrect. [D:\verilog_practice\project_line_buffer_2\project_line_buffer_2.srcs\sources_1\new\matrix_3x3.v:]
WARNING: [filemgmt 56-199] Attempt to get parsing info during refresh. "On-the-fly" syntax checking information may be incorrect. [D:\verilog_practice\project_line_buffer_2\project_line_buffer_2.srcs\sources_1\imports\ov7670_vga_display-main_原理\vga_control.v:]
WARNING: [filemgmt 56-199] Attempt to get parsing info during refresh. "On-the-fly" syntax checking information may be incorrect. [D:\verilog_practice\project_line_buffer_2\project_line_buffer_2.srcs\sources_1\imports\ov7670_vga_display-main_原理\camera_vga_display_top.v:]
WARNING: [filemgmt 56-199] Attempt to get parsing info during refresh. "On-the-fly" syntax checking information may be incorrect. [D:\verilog_practice\project_line_buffer_2\project_line_buffer_2.srcs\sources_1\new\line_buffer.v:]
launch_runs synth_1 -jobs 8
ERROR: [Common 17-180] Spawn failed: Illegal byte sequence
WARNING: [filemgmt 56-199] Attempt to get parsing info during refresh. "On-the-fly" syntax checking information may be incorrect. [D:\verilog_practice\project_line_buffer_2\project_line_buffer_2.srcs\sources_1\new\matrix_3x3.v:]
WARNING: [filemgmt 56-199] Attempt to get parsing info during refresh. "On-the-fly" syntax checking information may be incorrect. [D:\verilog_practice\project_line_buffer_2\project_line_buffer_2.srcs\sources_1\imports\ov7670_vga_display-main_原理\vga_control.v:]
WARNING: [filemgmt 56-199] Attempt to get parsing info during refresh. "On-the-fly" syntax checking information may be incorrect. [D:\verilog_practice\project_line_buffer_2\project_line_buffer_2.srcs\sources_1\imports\ov7670_vga_display-main_原理\camera_vga_display_top.v:]
WARNING: [filemgmt 56-199] Attempt to get parsing info during refresh. "On-the-fly" syntax checking information may be incorrect. [D:\verilog_practice\project_line_buffer_2\project_line_buffer_2.srcs\sources_1\new\line_buffer.v:]
ERROR: [Common 17-180] Spawn failed: No error
ERROR: [Vivado 12-4756] Launch of runs aborted due to earlier errors while preparing sub-designs for run execution.
launch_runs synth_1 -jobs 8
[Sun Mar  3 21:25:28 2024] Launched synth_1...
Run output will be captured here: D:/verilog_practice/project_line_buffer_2/project_line_buffer_2.runs/synth_1/runme.log
reset_run synth_1
WARNING: [filemgmt 56-199] Attempt to get parsing info during refresh. "On-the-fly" syntax checking information may be incorrect. [D:\verilog_practice\project_line_buffer_2\project_line_buffer_2.srcs\sources_1\new\matrix_3x3.v:]
WARNING: [filemgmt 56-199] Attempt to get parsing info during refresh. "On-the-fly" syntax checking information may be incorrect. [D:\verilog_practice\project_line_buffer_2\project_line_buffer_2.srcs\sources_1\imports\ov7670_vga_display-main_原理\vga_control.v:]
WARNING: [filemgmt 56-199] Attempt to get parsing info during refresh. "On-the-fly" syntax checking information may be incorrect. [D:\verilog_practice\project_line_buffer_2\project_line_buffer_2.srcs\sources_1\imports\ov7670_vga_display-main_原理\camera_vga_display_top.v:]
WARNING: [filemgmt 56-199] Attempt to get parsing info during refresh. "On-the-fly" syntax checking information may be incorrect. [D:\verilog_practice\project_line_buffer_2\project_line_buffer_2.srcs\sources_1\new\line_buffer.v:]
WARNING: [filemgmt 56-199] Attempt to get parsing info during refresh. "On-the-fly" syntax checking information may be incorrect. [D:\verilog_practice\project_line_buffer_2\project_line_buffer_2.srcs\sources_1\new\matrix_3x3.v:]
WARNING: [filemgmt 56-199] Attempt to get parsing info during refresh. "On-the-fly" syntax checking information may be incorrect. [D:\verilog_practice\project_line_buffer_2\project_line_buffer_2.srcs\sources_1\imports\ov7670_vga_display-main_原理\vga_control.v:]
WARNING: [filemgmt 56-199] Attempt to get parsing info during refresh. "On-the-fly" syntax checking information may be incorrect. [D:\verilog_practice\project_line_buffer_2\project_line_buffer_2.srcs\sources_1\imports\ov7670_vga_display-main_原理\camera_vga_display_top.v:]
WARNING: [filemgmt 56-199] Attempt to get parsing info during refresh. "On-the-fly" syntax checking information may be incorrect. [D:\verilog_practice\project_line_buffer_2\project_line_buffer_2.srcs\sources_1\new\line_buffer.v:]
ERROR: [Common 17-180] Spawn failed: No error
WARNING: [filemgmt 56-199] Attempt to get parsing info during refresh. "On-the-fly" syntax checking information may be incorrect. [D:\verilog_practice\project_line_buffer_2\project_line_buffer_2.srcs\sources_1\new\matrix_3x3.v:]
WARNING: [filemgmt 56-199] Attempt to get parsing info during refresh. "On-the-fly" syntax checking information may be incorrect. [D:\verilog_practice\project_line_buffer_2\project_line_buffer_2.srcs\sources_1\imports\ov7670_vga_display-main_原理\vga_control.v:]
WARNING: [filemgmt 56-199] Attempt to get parsing info during refresh. "On-the-fly" syntax checking information may be incorrect. [D:\verilog_practice\project_line_buffer_2\project_line_buffer_2.srcs\sources_1\imports\ov7670_vga_display-main_原理\camera_vga_display_top.v:]
WARNING: [filemgmt 56-199] Attempt to get parsing info during refresh. "On-the-fly" syntax checking information may be incorrect. [D:\verilog_practice\project_line_buffer_2\project_line_buffer_2.srcs\sources_1\new\line_buffer.v:]
ERROR: [Common 17-180] Spawn failed: Illegal byte sequence
launch_runs synth_1 -jobs 8
[Sun Mar  3 21:26:34 2024] Launched synth_1...
Run output will be captured here: D:/verilog_practice/project_line_buffer_2/project_line_buffer_2.runs/synth_1/runme.log
reset_run synth_1
WARNING: [Vivado 12-1017] Problems encountered:
1. PID not specified

launch_runs synth_1 -jobs 8
[Sun Mar  3 21:26:41 2024] Launched synth_1...
Run output will be captured here: D:/verilog_practice/project_line_buffer_2/project_line_buffer_2.runs/synth_1/runme.log
launch_runs impl_1 -jobs 8
[Sun Mar  3 21:27:43 2024] Launched impl_1...
Run output will be captured here: D:/verilog_practice/project_line_buffer_2/project_line_buffer_2.runs/impl_1/runme.log
launch_runs impl_1 -to_step write_bitstream -jobs 8
[Sun Mar  3 21:29:21 2024] Launched impl_1...
Run output will be captured here: D:/verilog_practice/project_line_buffer_2/project_line_buffer_2.runs/impl_1/runme.log
open_hw_manager
connect_hw_server -allow_non_jtag
INFO: [Labtools 27-2285] Connecting to hw_server url TCP:localhost:3121
INFO: [Labtools 27-2222] Launching hw_server...
INFO: [Labtools 27-2221] Launch Output:
ECHO is off.
ECHO is off.

****** Xilinx hw_server v2023.2.1
  **** Build date : Dec 14 2023 at 13:42:59
    ** Copyright 1986-2022 Xilinx, Inc. All Rights Reserved.


INFO: [Common 17-41] Interrupt caught. Command should exit soon.
ERROR: [Labtools 27-3419] Disconnecting from hw_server since it's not responding to requests.  It is recommended to investigate hw_server to find any issues.
